<?xml version="1.0" encoding="UTF-8"?>
<!-- Generated by org.testng.reporters.JUnitReportReporter -->
<testsuite hostname="2206shubham" failures="0" tests="1" name="skills.TC_Summary_031" time="13.993" errors="0" timestamp="2022-03-02T16:00:36 IST" skipped="0">
  <testcase classname="skills.TC_Summary_031" name="downloadResumePdf" time="13.993"/>
  <system-out>
profile page displayed successfully Summary displayed successfully Skills page displayed successfully Education page displayed successfully project details page displayed successfully Resume downloaded successfully in pdf format  </system-out>
</testsuite> <!-- skills.TC_Summary_031 -->
