<?xml version="1.0" encoding="UTF-8"?>
<!-- Generated by org.testng.reporters.JUnitReportReporter -->
<testsuite hostname="2206shubham" failures="0" tests="1" name="skills.TC_Summary_030" time="12.633" errors="0" timestamp="2022-03-02T15:53:03 IST" skipped="0">
  <testcase classname="skills.TC_Summary_030" name="downloadResumePdf" time="12.633"/>
  <system-out>
profile page displayed successfully  </system-out>
</testsuite> <!-- skills.TC_Summary_030 -->
